2024-02-02T11:19:37.074+05:30  INFO 16872 --- [restartedMain] c.p.s.SocialmediaplatformApplication     : Starting SocialmediaplatformApplication using Java 17.0.8 with PID 16872 (C:\Users\paul\Downloads\SOCIALMEDIAPLATFORMAPP\socialmediaplatform\socialmediaplatform\target\classes started by paul in C:\Users\paul\Downloads\SOCIALMEDIAPLATFORMAPP\socialmediaplatform\socialmediaplatform)
2024-02-02T11:19:37.092+05:30  INFO 16872 --- [restartedMain] c.p.s.SocialmediaplatformApplication     : No active profile set, falling back to 1 default profile: "default"
2024-02-02T11:19:37.275+05:30  INFO 16872 --- [restartedMain] .e.DevToolsPropertyDefaultsPostProcessor : Devtools property defaults active! Set 'spring.devtools.add-properties' to 'false' to disable
2024-02-02T11:19:37.278+05:30  INFO 16872 --- [restartedMain] .e.DevToolsPropertyDefaultsPostProcessor : For additional web related logging consider setting the 'logging.level.web' property to 'DEBUG'
2024-02-02T11:19:39.825+05:30  INFO 16872 --- [restartedMain] .s.d.r.c.RepositoryConfigurationDelegate : Bootstrapping Spring Data JPA repositories in DEFAULT mode.
2024-02-02T11:19:40.019+05:30  INFO 16872 --- [restartedMain] .s.d.r.c.RepositoryConfigurationDelegate : Finished Spring Data repository scanning in 172 ms. Found 5 JPA repository interfaces.
2024-02-02T11:19:41.808+05:30  INFO 16872 --- [restartedMain] o.s.b.w.embedded.tomcat.TomcatWebServer  : Tomcat initialized with port 8080 (http)
2024-02-02T11:19:41.831+05:30  INFO 16872 --- [restartedMain] o.apache.catalina.core.StandardService   : Starting service [Tomcat]
2024-02-02T11:19:41.832+05:30  INFO 16872 --- [restartedMain] o.apache.catalina.core.StandardEngine    : Starting Servlet engine: [Apache Tomcat/10.1.17]
2024-02-02T11:19:41.963+05:30  INFO 16872 --- [restartedMain] o.a.c.c.C.[Tomcat].[localhost].[/]       : Initializing Spring embedded WebApplicationContext
2024-02-02T11:19:41.965+05:30  INFO 16872 --- [restartedMain] w.s.c.ServletWebServerApplicationContext : Root WebApplicationContext: initialization completed in 4683 ms
2024-02-02T11:19:42.707+05:30  INFO 16872 --- [restartedMain] com.zaxxer.hikari.HikariDataSource       : HikariPool-1 - Starting...
2024-02-02T11:19:43.321+05:30  INFO 16872 --- [restartedMain] com.zaxxer.hikari.pool.HikariPool        : HikariPool-1 - Added connection com.mysql.cj.jdbc.ConnectionImpl@7afea131
2024-02-02T11:19:43.326+05:30  INFO 16872 --- [restartedMain] com.zaxxer.hikari.HikariDataSource       : HikariPool-1 - Start completed.
2024-02-02T11:19:43.417+05:30  INFO 16872 --- [restartedMain] o.hibernate.jpa.internal.util.LogHelper  : HHH000204: Processing PersistenceUnitInfo [name: default]
2024-02-02T11:19:43.597+05:30  INFO 16872 --- [restartedMain] org.hibernate.Version                    : HHH000412: Hibernate ORM core version 6.4.1.Final
2024-02-02T11:19:43.729+05:30  INFO 16872 --- [restartedMain] o.h.c.internal.RegionFactoryInitiator    : HHH000026: Second-level cache disabled
2024-02-02T11:19:44.335+05:30  INFO 16872 --- [restartedMain] o.s.o.j.p.SpringPersistenceUnitInfo      : No LoadTimeWeaver setup: ignoring JPA class transformer
2024-02-02T11:19:45.200+05:30  WARN 16872 --- [restartedMain] org.hibernate.mapping.RootClass          : HHH000038: Composite-id class does not override equals(): com.project.socialmediaplatform.model.LikeKey
2024-02-02T11:19:45.201+05:30  WARN 16872 --- [restartedMain] org.hibernate.mapping.RootClass          : HHH000039: Composite-id class does not override hashCode(): com.project.socialmediaplatform.model.LikeKey
2024-02-02T11:19:46.435+05:30  INFO 16872 --- [restartedMain] o.h.e.t.j.p.i.JtaPlatformInitiator       : HHH000489: No JTA platform available (set 'hibernate.transaction.jta.platform' to enable JTA platform integration)
2024-02-02T11:19:46.443+05:30  INFO 16872 --- [restartedMain] j.LocalContainerEntityManagerFactoryBean : Initialized JPA EntityManagerFactory for persistence unit 'default'
2024-02-02T11:19:47.102+05:30  INFO 16872 --- [restartedMain] o.s.d.j.r.query.QueryEnhancerFactory     : Hibernate is in classpath; If applicable, HQL parser will be used.
2024-02-02T11:19:49.048+05:30  WARN 16872 --- [restartedMain] JpaBaseConfiguration$JpaWebConfiguration : spring.jpa.open-in-view is enabled by default. Therefore, database queries may be performed during view rendering. Explicitly configure spring.jpa.open-in-view to disable this warning
2024-02-02T11:19:50.326+05:30  INFO 16872 --- [restartedMain] o.s.b.a.e.web.EndpointLinksResolver      : Exposing 1 endpoint(s) beneath base path '/actuator'
2024-02-02T11:19:50.476+05:30  INFO 16872 --- [restartedMain] o.s.s.web.DefaultSecurityFilterChain     : Will secure any request with [org.springframework.security.web.session.DisableEncodeUrlFilter@373589f8, org.springframework.security.web.context.request.async.WebAsyncManagerIntegrationFilter@39cc356d, org.springframework.security.web.context.SecurityContextHolderFilter@648b3786, org.springframework.security.web.header.HeaderWriterFilter@39ba791b, org.springframework.web.filter.CorsFilter@23749ec1, org.springframework.security.web.authentication.logout.LogoutFilter@66571e2b, com.project.socialmediaplatform.security.jwt.AuthTokenFilter@1aeb8596, org.springframework.security.web.savedrequest.RequestCacheAwareFilter@275010c6, org.springframework.security.web.servletapi.SecurityContextHolderAwareRequestFilter@2504fd43, org.springframework.security.web.authentication.AnonymousAuthenticationFilter@1a286c37, org.springframework.security.web.session.SessionManagementFilter@16b5b425, org.springframework.security.web.access.ExceptionTranslationFilter@2eaaba04, org.springframework.security.web.access.intercept.AuthorizationFilter@78e1e34d]
2024-02-02T11:19:51.682+05:30  INFO 16872 --- [RMI TCP Connection(1)-127.0.0.1] o.a.c.c.C.[Tomcat].[localhost].[/]       : Initializing Spring DispatcherServlet 'dispatcherServlet'
2024-02-02T11:19:51.683+05:30  INFO 16872 --- [RMI TCP Connection(1)-127.0.0.1] o.s.web.servlet.DispatcherServlet        : Initializing Servlet 'dispatcherServlet'
2024-02-02T11:19:51.688+05:30  INFO 16872 --- [RMI TCP Connection(1)-127.0.0.1] o.s.web.servlet.DispatcherServlet        : Completed initialization in 3 ms
2024-02-02T11:19:51.698+05:30  INFO 16872 --- [restartedMain] o.s.b.d.a.OptionalLiveReloadServer       : LiveReload server is running on port 35729
2024-02-02T11:19:51.924+05:30  INFO 16872 --- [restartedMain] o.s.b.w.embedded.tomcat.TomcatWebServer  : Tomcat started on port 8080 (http) with context path ''
2024-02-02T11:19:51.965+05:30  INFO 16872 --- [restartedMain] c.p.s.SocialmediaplatformApplication     : Started SocialmediaplatformApplication in 15.787 seconds (process running for 17.372)
2024-02-02T11:20:44.892+05:30  WARN 16872 --- [http-nio-8080-exec-5] c.p.s.security.jwt.AuthTokenFilter       : JWT Token String does not begin with Bearer
